<?xml version="1.0" encoding="UTF-8"?>
<!-- Generated by org.testng.reporters.JUnitXMLReporter -->
<testsuite ignored="0" hostname="DESKTOP-OUJO75P" failures="0" tests="21" name="Default test" time="0.1" errors="0" timestamp="2020-11-19T14:55:53 PKT">
  <testcase classname="com.emerald.project.Browser_Lunch" name="@BeforeTest startBrowser" time="-1.605779752915E9">
    <failure type="org.testng.TestNGException" message="
Parameter &amp;apos;browser&amp;apos; is required by BeforeTest on method startBrowser but has not been marked @Optional or defined
in C:\Users\PC-7 User\AppData\Local\Temp\testng-eclipse-850639683\testng-customsuite.xml">
      <![CDATA[org.testng.TestNGException: 
Parameter 'browser' is required by BeforeTest on method startBrowser but has not been marked @Optional or defined
in C:\Users\PC-7 User\AppData\Local\Temp\testng-eclipse-850639683\testng-customsuite.xml
at org.testng.internal.Parameters.createParams(Parameters.java:268)
at org.testng.internal.Parameters.createParametersForMethod(Parameters.java:356)
at org.testng.internal.Parameters.createParameters(Parameters.java:700)
at org.testng.internal.Parameters.createConfigurationParameters(Parameters.java:166)
at org.testng.internal.ConfigInvoker.invokeConfigurations(ConfigInvoker.java:301)
at org.testng.TestRunner.invokeTestConfigurations(TestRunner.java:617)
at org.testng.TestRunner.beforeRun(TestRunner.java:607)
at org.testng.TestRunner.run(TestRunner.java:578)
at org.testng.SuiteRunner.runTest(SuiteRunner.java:384)
at org.testng.SuiteRunner.runSequentially(SuiteRunner.java:378)
at org.testng.SuiteRunner.privateRun(SuiteRunner.java:337)
at org.testng.SuiteRunner.run(SuiteRunner.java:286)
at org.testng.SuiteRunnerWorker.runSuite(SuiteRunnerWorker.java:53)
at org.testng.SuiteRunnerWorker.run(SuiteRunnerWorker.java:96)
at org.testng.TestNG.runSuitesSequentially(TestNG.java:1218)
at org.testng.TestNG.runSuitesLocally(TestNG.java:1140)
at org.testng.TestNG.runSuites(TestNG.java:1069)
at org.testng.TestNG.run(TestNG.java:1037)
at org.testng.remote.AbstractRemoteTestNG.run(AbstractRemoteTestNG.java:115)
at org.testng.remote.RemoteTestNG.initAndRun(RemoteTestNG.java:251)
at org.testng.remote.RemoteTestNG.main(RemoteTestNG.java:77)
]]>
    </failure>
  </testcase> <!-- @BeforeTest startBrowser -->
  <testcase classname="com.emerald.project.Browser_Lunch" name="@AfterTest afterMethod" time="-1.605779753011E9">
    <skipped/>
  </testcase> <!-- @AfterTest afterMethod -->
  <testcase classname="com.emerald.project.EmeraldRecordingTest2" name="testEquifaxVerification" time="0.0">
    <skipped/>
  </testcase> <!-- testEquifaxVerification -->
  <testcase classname="com.emerald.project.EmeraldRecordingTest2" name="testBankAndFinanceReports" time="0.0">
    <skipped/>
  </testcase> <!-- testBankAndFinanceReports -->
  <testcase classname="com.emerald.project.EmeraldRecordingTest2" name="testAddGoCardlessDetails" time="0.0">
    <skipped/>
  </testcase> <!-- testAddGoCardlessDetails -->
  <testcase classname="com.emerald.project.EmeraldRecordingTest2" name="testVisitCheckList" time="0.0">
    <skipped/>
  </testcase> <!-- testVisitCheckList -->
  <testcase classname="com.emerald.project.EmeraldRecordingTest2" name="testDuplicatesApplication" time="0.0">
    <skipped/>
  </testcase> <!-- testDuplicatesApplication -->
  <testcase classname="com.emerald.project.EmeraldRecordingTest2" name="Moving_From_Duplicate_to_Orignal" time="0.0">
    <skipped/>
  </testcase> <!-- Moving_From_Duplicate_to_Orignal -->
  <testcase classname="com.emerald.project.EmeraldRecordingTest2" name="Test_aduitLogs" time="0.0">
    <skipped/>
  </testcase> <!-- Test_aduitLogs -->
  <testcase classname="com.emerald.project.EmeraldRecordingTest2" name="Test_ApplicationJourney" time="0.0">
    <skipped/>
  </testcase> <!-- Test_ApplicationJourney -->
  <testcase classname="com.emerald.project.EmeraldRecordingTest2" name="testReminders" time="0.0">
    <skipped/>
  </testcase> <!-- testReminders -->
  <testcase classname="com.emerald.project.EmeraldRecordingTest2" name="testCreateSubApplication" time="0.0">
    <skipped/>
  </testcase> <!-- testCreateSubApplication -->
  <testcase classname="com.emerald.project.EmeraldRecordingTest2" name="testCall_Logs" time="0.0">
    <skipped/>
  </testcase> <!-- testCall_Logs -->
  <testcase classname="com.emerald.project.EmeraldRecordingTest2" name="MoveApplication_to_Test" time="0.0">
    <skipped/>
  </testcase> <!-- MoveApplication_to_Test -->
  <testcase classname="com.emerald.project.EmeraldRecordingTest2" name="Moving_From_Test_to_Orignal" time="0.001">
    <skipped/>
  </testcase> <!-- Moving_From_Test_to_Orignal -->
  <testcase classname="com.emerald.project.EmeraldRecordingTest2" name="Send_Email" time="0.0">
    <skipped/>
  </testcase> <!-- Send_Email -->
  <testcase classname="com.emerald.project.EmeraldRecordingTest2" name="Send_SMS" time="0.0">
    <skipped/>
  </testcase> <!-- Send_SMS -->
  <testcase classname="com.emerald.project.EmeraldRecordingTest2" name="Generate_Loan_agreementDocument" time="0.0">
    <skipped/>
  </testcase> <!-- Generate_Loan_agreementDocument -->
  <testcase classname="com.emerald.project.EmeraldRecordingTest2" name="Generate_Document" time="0.0">
    <skipped/>
  </testcase> <!-- Generate_Document -->
  <testcase classname="com.emerald.project.EmeraldRecordingTest2" name="Generate_Letters_Document" time="0.0">
    <skipped/>
  </testcase> <!-- Generate_Letters_Document -->
  <testcase classname="com.emerald.project.EmeraldRecordingTest2" name="SendLoan_Agreement" time="0.0">
    <skipped/>
  </testcase> <!-- SendLoan_Agreement -->
  <testcase classname="com.emerald.project.EmeraldRecordingTest2" name="testSendReceiveDocuments" time="0.0">
    <skipped/>
  </testcase> <!-- testSendReceiveDocuments -->
  <testcase classname="com.emerald.project.EmeraldRecordingTest2" name="Move_applicationto_Chaps" time="0.0">
    <skipped/>
  </testcase> <!-- Move_applicationto_Chaps -->
</testsuite> <!-- Default test -->
